<?xml version="1.0" encoding="UTF-8"?>
<testsuite xmlns:xsi="http://www.w3.org/2001/XMLSchema-instance" xsi:noNamespaceSchemaLocation="https://maven.apache.org/surefire/maven-surefire-plugin/xsd/surefire-test-report-3.0.xsd" version="3.0" name="com.example.deploy.ExampleDeployApplicationTests" time="5.072" tests="1" errors="0" skipped="0" failures="0">
  <properties>
[...]
</properties>
  <testcase name="contextLoads" classname="com.example.deploy.ExampleDeployApplicationTests" time="1.386">
    <system-out><![CDATA[03:36:16.412 [main] INFO org.springframework.test.context.support.AnnotationConfigContextLoaderUtils -- Could not detect default configuration classes for test class [com.example.deploy.ExampleDeployApplicationTests]: ExampleDeployApplicationTests does not declare any static, non-private, non-final, nested classes annotated with @Configuration.
03:36:16.534 [main] INFO org.springframework.boot.test.context.SpringBootTestContextBootstrapper -- Found @SpringBootConfiguration com.example.deploy.ExampleDeployApplication for test class com.example.deploy.ExampleDeployApplicationTests

  .   ____          _            __ _ _
 /\\ / ___'_ __ _ _(_)_ __  __ _ \ \ \ \
( ( )\___ | '_ | '_| | '_ \/ _` | \ \ \ \
 \\/  ___)| |_)| | | | | || (_| |  ) ) ) )
  '  |____| .__|_| |_|_| |_\__, | / / / /
 =========|_|==============|___/=/_/_/_/

 :: Spring Boot ::                (v3.3.1)

2024-07-16T03:36:17.390-06:00  INFO 25040 --- [ExampleDeploy] [           main] c.e.d.ExampleDeployApplicationTests      : Starting ExampleDeployApplicationTests using Java 22 with PID 25040 (started by iker2 in C:\Users\iker2\OneDrive\Documentos\.SpringBoot\ExampleDeploy)
2024-07-16T03:36:17.392-06:00  INFO 25040 --- [ExampleDeploy] [           main] c.e.d.ExampleDeployApplicationTests      : No active profile set, falling back to 1 default profile: "default"
2024-07-16T03:36:19.843-06:00  INFO 25040 --- [ExampleDeploy] [           main] c.e.d.ExampleDeployApplicationTests      : Started ExampleDeployApplicationTests in 3.119 seconds (process running for 4.187)
]]></system-out>
    <system-err><![CDATA[WARNING: A Java agent has been loaded dynamically (C:\Users\iker2\.m2\repository\net\bytebuddy\byte-buddy-agent\1.14.17\byte-buddy-agent-1.14.17.jar)
WARNING: If a serviceability tool is in use, please run with -XX:+EnableDynamicAgentLoading to hide this warning
WARNING: If a serviceability tool is not in use, please run with -Djdk.instrument.traceUsage for more information
WARNING: Dynamic loading of agents will be disallowed by default in a future release
]]></system-err>
  </testcase>
</testsuite>